<?xml version="1.0" encoding="UTF-8"?>
<!-- Generated by org.testng.reporters.JUnitXMLReporter -->
<testsuite ignored="0" hostname="DESKTOP-1ID3PIC" failures="0" tests="3" name="Default test" time="106.639" errors="0" timestamp="2024-03-18T10:30:31 IST">
  <testcase classname="soucedemo.FooterTesting" name="socialMediaButtons" time="50.344"/>
  <testcase classname="soucedemo.FooterTesting" name="socialMediaButtons" time="29.346"/>
  <testcase classname="soucedemo.FooterTesting" name="socialMediaButtons" time="12.776"/>
</testsuite> <!-- Default test -->
