<?xml version="1.0" encoding="UTF-8"?>
<!-- Generated by org.testng.reporters.JUnitXMLReporter -->
<testsuite ignored="0" hostname="DESKTOP-1ID3PIC" failures="0" tests="3" name="Default test" time="28.814" errors="0" timestamp="2024-03-17T12:17:32 IST">
  <testcase classname="soucedemo.FooterTesting" name="linkTwitter" time="9.367"/>
  <testcase classname="soucedemo.FooterTesting" name="linkFacebook" time="7.689"/>
  <testcase classname="soucedemo.FooterTesting" name="linkLinkedIn" time="7.895"/>
</testsuite> <!-- Default test -->
