<?xml version="1.0" encoding="UTF-8"?>
<testng-results ignored="0" total="3" passed="3" failed="0" skipped="0">
  <reporter-output>
  </reporter-output>
  <suite started-at="2024-03-17T18:38:05 IST" name="Default suite" finished-at="2024-03-17T18:38:33 IST" duration-ms="28177">
    <groups>
    </groups>
    <test started-at="2024-03-17T18:38:05 IST" name="Default test" finished-at="2024-03-17T18:38:33 IST" duration-ms="28177">
      <class name="soucedemo.FooterTesting">
        <test-method is-config="true" signature="startDriver()[pri:0, instance:soucedemo.FooterTesting@54bff557]" started-at="2024-03-17T18:38:05 IST" name="startDriver" finished-at="2024-03-17T18:38:09 IST" duration-ms="4111" status="PASS">
          <reporter-output>
          </reporter-output>
        </test-method> <!-- startDriver -->
        <test-method signature="linkTwitter(java.lang.String,java.lang.String)[pri:0, instance:soucedemo.FooterTesting@54bff557]" started-at="2024-03-17T18:38:09 IST" name="linkTwitter" data-provider="socialMediaDataset" finished-at="2024-03-17T18:38:18 IST" duration-ms="9171" status="PASS">
          <params>
            <param index="0">
              <value>
                <![CDATA[//a[normalize-space()='Twitter']]]>
              </value>
            </param>
            <param index="1">
              <value>
                <![CDATA[https://twitter.com/saucelabs]]>
              </value>
            </param>
          </params>
          <reporter-output>
          </reporter-output>
        </test-method> <!-- linkTwitter -->
        <test-method signature="linkTwitter(java.lang.String,java.lang.String)[pri:0, instance:soucedemo.FooterTesting@54bff557]" started-at="2024-03-17T18:38:18 IST" name="linkTwitter" data-provider="socialMediaDataset" finished-at="2024-03-17T18:38:26 IST" duration-ms="7283" status="PASS">
          <params>
            <param index="0">
              <value>
                <![CDATA[//a[normalize-space()='Facebook']]]>
              </value>
            </param>
            <param index="1">
              <value>
                <![CDATA[https://www.facebook.com/saucelabs]]>
              </value>
            </param>
          </params>
          <reporter-output>
          </reporter-output>
        </test-method> <!-- linkTwitter -->
        <test-method signature="linkTwitter(java.lang.String,java.lang.String)[pri:0, instance:soucedemo.FooterTesting@54bff557]" started-at="2024-03-17T18:38:26 IST" name="linkTwitter" data-provider="socialMediaDataset" finished-at="2024-03-17T18:38:33 IST" duration-ms="7311" status="PASS">
          <params>
            <param index="0">
              <value>
                <![CDATA[//a[normalize-space()='LinkedIn']]]>
              </value>
            </param>
            <param index="1">
              <value>
                <![CDATA[https://www.linkedin.com/company/sauce-labs/]]>
              </value>
            </param>
          </params>
          <reporter-output>
          </reporter-output>
        </test-method> <!-- linkTwitter -->
        <test-method is-config="true" signature="quitDriver()[pri:0, instance:soucedemo.FooterTesting@54bff557]" started-at="2024-03-17T18:38:33 IST" name="quitDriver" finished-at="2024-03-17T18:38:33 IST" duration-ms="237" status="PASS">
          <reporter-output>
          </reporter-output>
        </test-method> <!-- quitDriver -->
      </class> <!-- soucedemo.FooterTesting -->
    </test> <!-- Default test -->
  </suite> <!-- Default suite -->
</testng-results>
