<?xml version="1.0" encoding="UTF-8"?>
<testng-results ignored="0" total="11" passed="11" failed="0" skipped="0">
  <reporter-output>
  </reporter-output>
  <suite started-at="2024-03-16T16:30:30 IST" name="Default suite" finished-at="2024-03-16T16:30:52 IST" duration-ms="22256">
    <groups>
    </groups>
    <test started-at="2024-03-16T16:30:30 IST" name="Default test" finished-at="2024-03-16T16:30:52 IST" duration-ms="22256">
      <class name="soucedemo.MainPage">
        <test-method is-config="true" signature="startDriver()[pri:0, instance:soucedemo.MainPage@593aaf41]" started-at="2024-03-16T16:30:30 IST" name="startDriver" finished-at="2024-03-16T16:30:35 IST" duration-ms="4917" status="PASS">
          <reporter-output>
          </reporter-output>
        </test-method> <!-- startDriver -->
        <test-method signature="cartButton()[pri:1, instance:soucedemo.MainPage@593aaf41]" started-at="2024-03-16T16:30:35 IST" name="cartButton" finished-at="2024-03-16T16:30:35 IST" duration-ms="172" status="PASS">
          <reporter-output>
          </reporter-output>
        </test-method> <!-- cartButton -->
        <test-method signature="addToCart()[pri:2, instance:soucedemo.MainPage@593aaf41]" started-at="2024-03-16T16:30:35 IST" name="addToCart" finished-at="2024-03-16T16:30:35 IST" duration-ms="414" status="PASS">
          <reporter-output>
          </reporter-output>
        </test-method> <!-- addToCart -->
        <test-method signature="removeButtonInCart()[pri:3, instance:soucedemo.MainPage@593aaf41]" started-at="2024-03-16T16:30:35 IST" name="removeButtonInCart" finished-at="2024-03-16T16:30:35 IST" duration-ms="239" status="PASS">
          <reporter-output>
          </reporter-output>
        </test-method> <!-- removeButtonInCart -->
        <test-method signature="removeButtonInMain()[pri:4, instance:soucedemo.MainPage@593aaf41]" started-at="2024-03-16T16:30:35 IST" name="removeButtonInMain" finished-at="2024-03-16T16:30:36 IST" duration-ms="179" status="PASS">
          <reporter-output>
          </reporter-output>
        </test-method> <!-- removeButtonInMain -->
        <test-method signature="sortDropdown()[pri:5, instance:soucedemo.MainPage@593aaf41]" started-at="2024-03-16T16:30:36 IST" name="sortDropdown" finished-at="2024-03-16T16:30:38 IST" duration-ms="2238" status="PASS">
          <reporter-output>
          </reporter-output>
        </test-method> <!-- sortDropdown -->
        <test-method signature="sortPriceLowtoHigh()[pri:6, instance:soucedemo.MainPage@593aaf41]" started-at="2024-03-16T16:30:38 IST" name="sortPriceLowtoHigh" finished-at="2024-03-16T16:30:40 IST" duration-ms="2156" status="PASS">
          <reporter-output>
          </reporter-output>
        </test-method> <!-- sortPriceLowtoHigh -->
        <test-method signature="sortPriceHightoLow()[pri:7, instance:soucedemo.MainPage@593aaf41]" started-at="2024-03-16T16:30:40 IST" name="sortPriceHightoLow" finished-at="2024-03-16T16:30:42 IST" duration-ms="2176" status="PASS">
          <reporter-output>
          </reporter-output>
        </test-method> <!-- sortPriceHightoLow -->
        <test-method signature="testCheckout()[pri:8, instance:soucedemo.MainPage@593aaf41]" started-at="2024-03-16T16:30:42 IST" name="testCheckout" finished-at="2024-03-16T16:30:43 IST" duration-ms="715" status="PASS">
          <reporter-output>
          </reporter-output>
        </test-method> <!-- testCheckout -->
        <test-method signature="emptyFirstName()[pri:9, instance:soucedemo.MainPage@593aaf41]" started-at="2024-03-16T16:30:43 IST" name="emptyFirstName" finished-at="2024-03-16T16:30:46 IST" duration-ms="2859" status="PASS">
          <reporter-output>
          </reporter-output>
        </test-method> <!-- emptyFirstName -->
        <test-method signature="emptyLastName()[pri:10, instance:soucedemo.MainPage@593aaf41]" started-at="2024-03-16T16:30:46 IST" name="emptyLastName" finished-at="2024-03-16T16:30:49 IST" duration-ms="2888" status="PASS">
          <reporter-output>
          </reporter-output>
        </test-method> <!-- emptyLastName -->
        <test-method signature="emptyZipCode()[pri:11, instance:soucedemo.MainPage@593aaf41]" started-at="2024-03-16T16:30:49 IST" name="emptyZipCode" finished-at="2024-03-16T16:30:51 IST" duration-ms="2680" status="PASS">
          <reporter-output>
          </reporter-output>
        </test-method> <!-- emptyZipCode -->
        <test-method is-config="true" signature="quitDriver()[pri:0, instance:soucedemo.MainPage@593aaf41]" started-at="2024-03-16T16:30:51 IST" name="quitDriver" finished-at="2024-03-16T16:30:52 IST" duration-ms="528" status="PASS">
          <reporter-output>
          </reporter-output>
        </test-method> <!-- quitDriver -->
      </class> <!-- soucedemo.MainPage -->
    </test> <!-- Default test -->
  </suite> <!-- Default suite -->
</testng-results>
