<?xml version="1.0" encoding="UTF-8"?>
<!-- Generated by org.testng.reporters.JUnitXMLReporter -->
<testsuite ignored="0" hostname="DESKTOP-1ID3PIC" failures="0" tests="40" name="TestAllClasses" time="127.716" errors="0" timestamp="2024-03-17T18:46:52 IST">
  <testcase classname="soucedemo.Cart" name="cartButton" time="0.237"/>
  <testcase classname="soucedemo.Cart" name="addToCart" time="0.596"/>
  <testcase classname="soucedemo.Cart" name="removeButtonInCart" time="0.267"/>
  <testcase classname="soucedemo.Cart" name="removeButtonInMain" time="0.273"/>
  <testcase classname="soucedemo.Cart" name="removeButtonInMain" time="0.232"/>
  <testcase classname="soucedemo.Cart" name="removeButtonInMain" time="0.229"/>
  <testcase classname="soucedemo.Cart" name="removeButtonInMain" time="0.207"/>
  <testcase classname="soucedemo.Cart" name="removeButtonInMain" time="0.342"/>
  <testcase classname="soucedemo.Cart" name="removeButtonInMain" time="0.266"/>
  <testcase classname="soucedemo.Cart" name="productDetails" time="3.221"/>
  <testcase classname="soucedemo.Cart" name="productDetails" time="3.224"/>
  <testcase classname="soucedemo.Cart" name="productDetails" time="3.243"/>
  <testcase classname="soucedemo.Cart" name="productDetails" time="3.187"/>
  <testcase classname="soucedemo.Cart" name="productDetails" time="3.148"/>
  <testcase classname="soucedemo.Cart" name="productDetails" time="3.134"/>
  <testcase classname="soucedemo.FooterTesting" name="linkTwitter" time="10.187"/>
  <testcase classname="soucedemo.FooterTesting" name="linkTwitter" time="7.385"/>
  <testcase classname="soucedemo.FooterTesting" name="linkTwitter" time="7.698"/>
  <testcase classname="soucedemo.Login" name="incorrectPassword" time="0.986"/>
  <testcase classname="soucedemo.Login" name="incorrectName" time="0.27"/>
  <testcase classname="soucedemo.Login" name="correctNameAndPassword" time="5.305"/>
  <testcase classname="soucedemo.Login" name="correctNameAndPassword" time="5.255"/>
  <testcase classname="soucedemo.Login" name="correctNameAndPassword" time="10.281"/>
  <testcase classname="soucedemo.Login" name="correctNameAndPassword" time="5.299"/>
  <testcase classname="soucedemo.Login" name="correctNameAndPassword" time="5.285"/>
  <testcase classname="soucedemo.Login" name="logout" time="9.155"/>
  <testcase classname="soucedemo.ProductSorting" name="sortDropdown" time="2.14"/>
  <testcase classname="soucedemo.ProductSorting" name="sortDropdown" time="2.142"/>
  <testcase classname="soucedemo.ProductSorting" name="sortDropdown" time="2.115"/>
  <testcase classname="soucedemo.ProductSorting" name="sortDropdown" time="2.1"/>
  <testcase classname="soucedemo.ProductSorting" name="checkSort" time="2.114"/>
  <testcase classname="soucedemo.ProductSorting" name="checkSort" time="2.102"/>
  <testcase classname="soucedemo.ProductSorting" name="checkSort" time="2.117"/>
  <testcase classname="soucedemo.ProductSorting" name="checkSort" time="2.093"/>
  <testcase classname="soucedemo.Checkout" name="emptyinputs" time="2.39"/>
  <testcase classname="soucedemo.Checkout" name="emptyinputs" time="2.358"/>
  <testcase classname="soucedemo.Checkout" name="emptyinputs" time="2.359"/>
  <testcase classname="soucedemo.Checkout" name="testCheckout" time="0.354"/>
  <testcase classname="soucedemo.Checkout" name="finishiButton" time="0.06"/>
  <testcase classname="soucedemo.Checkout" name="backHomeButton" time="0.084"/>
</testsuite> <!-- TestAllClasses -->
